<?xml version="1.0" encoding="UTF-8"?>
<!-- Generated by org.testng.reporters.JUnitReportReporter -->
<testsuite hostname="DESKTOP-JRH31QL" name="flipcart.E2E_SECOND.HomepageLoginTest" tests="2" failures="0" timestamp="17 Jun 2019 07:07:10 GMT" time="36.013" errors="0">
  <testcase name="validateLoginPageTitleTest" time="16.601" classname="flipcart.E2E_SECOND.HomepageLoginTest"/>
  <testcase name="validateloginTest" time="19.412" classname="flipcart.E2E_SECOND.HomepageLoginTest"/>
</testsuite> <!-- flipcart.E2E_SECOND.HomepageLoginTest -->
