<?xml version="1.0" encoding="UTF-8"?>
<!-- Generated by org.testng.reporters.JUnitReportReporter -->
<testsuite hostname="DESKTOP-JRH31QL" name="flipcart.E2E_SECOND.Homepage" tests="1" failures="0" timestamp="16 Jun 2019 15:34:59 GMT" time="16.179" errors="0">
  <testcase name="basePageTest" time="16.179" classname="flipcart.E2E_SECOND.Homepage"/>
</testsuite> <!-- flipcart.E2E_SECOND.Homepage -->
